============================= test session starts ==============================
platform darwin -- Python 3.11.9, pytest-8.4.2, pluggy-1.6.0 -- /Users/lucascruz/Documents/GitHub/vizu-mono/services/tool_pool_api/.venv/bin/python
cachedir: .pytest_cache
rootdir: /Users/lucascruz/Documents/GitHub/vizu-mono/services/tool_pool_api
configfile: pyproject.toml
plugins: asyncio-0.23.8, mock-3.15.1, anyio-4.12.0, Faker-26.3.0, langsmith-0.4.56, cov-7.0.0
asyncio: mode=Mode.AUTO
collecting ... collected 3 items

tests/test_integrations_router.py::test_configure_and_status FAILED      [ 33%]
tests/test_integrations_router.py::test_initiate_and_callback_flow FAILED [ 66%]
tests/unit/test_tools.py::test_executar_rag_cliente_sucesso PASSED       [100%]

=================================== FAILURES ===================================
__________________________ test_configure_and_status ___________________________

client = <starlette.testclient.TestClient object at 0x109873950>

    def test_configure_and_status(client):
        # Configure integration
>       resp = client.post(
            "/integrations/google/config",
            json={"client_id": "cid", "client_secret": "csecret"},
        )

tests/test_integrations_router.py:178:
_ _ _ _ _ _ _ _ _ _ _ _ _ _ _ _ _ _ _ _ _ _ _ _ _ _ _ _ _ _ _ _ _ _ _ _ _ _ _ _
.venv/lib/python3.11/site-packages/starlette/testclient.py:538: in post
    return super().post(
.venv/lib/python3.11/site-packages/httpx/_client.py:1144: in post
    return self.request(
.venv/lib/python3.11/site-packages/starlette/testclient.py:437: in request
    return super().request(
.venv/lib/python3.11/site-packages/httpx/_client.py:825: in request
    return self.send(request, auth=auth, follow_redirects=follow_redirects)
           ^^^^^^^^^^^^^^^^^^^^^^^^^^^^^^^^^^^^^^^^^^^^^^^^^^^^^^^^^^^^^^^^
.venv/lib/python3.11/site-packages/httpx/_client.py:914: in send
    response = self._send_handling_auth(
.venv/lib/python3.11/site-packages/httpx/_client.py:942: in _send_handling_auth
    response = self._send_handling_redirects(
.venv/lib/python3.11/site-packages/httpx/_client.py:979: in _send_handling_redirects
    response = self._send_single_request(request)
               ^^^^^^^^^^^^^^^^^^^^^^^^^^^^^^^^^^
.venv/lib/python3.11/site-packages/httpx/_client.py:1014: in _send_single_request
    response = transport.handle_request(request)
               ^^^^^^^^^^^^^^^^^^^^^^^^^^^^^^^^^
.venv/lib/python3.11/site-packages/starlette/testclient.py:340: in handle_request
    raise exc
.venv/lib/python3.11/site-packages/starlette/testclient.py:337: in handle_request
    portal.call(self.app, scope, receive, send)
.venv/lib/python3.11/site-packages/anyio/from_thread.py:326: in call
    return cast(T_Retval, self.start_task_soon(func, *args).result())
                          ^^^^^^^^^^^^^^^^^^^^^^^^^^^^^^^^^^^^^^^^^^
../../../../../.pyenv/versions/3.11.9/lib/python3.11/concurrent/futures/_base.py:456: in result
    return self.__get_result()
           ^^^^^^^^^^^^^^^^^^^
../../../../../.pyenv/versions/3.11.9/lib/python3.11/concurrent/futures/_base.py:401: in __get_result
    raise self._exception
.venv/lib/python3.11/site-packages/anyio/from_thread.py:257: in _call_func
    retval = await retval_or_awaitable
             ^^^^^^^^^^^^^^^^^^^^^^^^^
.venv/lib/python3.11/site-packages/fastapi/applications.py:1054: in __call__
    await super().__call__(scope, receive, send)
.venv/lib/python3.11/site-packages/starlette/applications.py:112: in __call__
    await self.middleware_stack(scope, receive, send)
.venv/lib/python3.11/site-packages/starlette/middleware/errors.py:187: in __call__
    raise exc
.venv/lib/python3.11/site-packages/starlette/middleware/errors.py:165: in __call__
    await self.app(scope, receive, _send)
.venv/lib/python3.11/site-packages/starlette/middleware/exceptions.py:62: in __call__
    await wrap_app_handling_exceptions(self.app, conn)(scope, receive, send)
.venv/lib/python3.11/site-packages/starlette/_exception_handler.py:53: in wrapped_app
    raise exc
.venv/lib/python3.11/site-packages/starlette/_exception_handler.py:42: in wrapped_app
    await app(scope, receive, sender)
.venv/lib/python3.11/site-packages/starlette/routing.py:714: in __call__
    await self.middleware_stack(scope, receive, send)
.venv/lib/python3.11/site-packages/starlette/routing.py:734: in app
    await route.handle(scope, receive, send)
.venv/lib/python3.11/site-packages/starlette/routing.py:288: in handle
    await self.app(scope, receive, send)
.venv/lib/python3.11/site-packages/starlette/routing.py:76: in app
    await wrap_app_handling_exceptions(app, request)(scope, receive, send)
.venv/lib/python3.11/site-packages/starlette/_exception_handler.py:53: in wrapped_app
    raise exc
.venv/lib/python3.11/site-packages/starlette/_exception_handler.py:42: in wrapped_app
    await app(scope, receive, sender)
.venv/lib/python3.11/site-packages/starlette/routing.py:73: in app
    response = await f(request)
               ^^^^^^^^^^^^^^^^
.venv/lib/python3.11/site-packages/fastapi/routing.py:291: in app
    solved_result = await solve_dependencies(
.venv/lib/python3.11/site-packages/fastapi/dependencies/utils.py:638: in solve_dependencies
    solved = await call(**solved_result.values)
             ^^^^^^^^^^^^^^^^^^^^^^^^^^^^^^^^^^
src/tool_pool_api/api/integrations_router.py:71: in _get_auth_result
    result = await authenticator.authenticate(auth_request)
             ^^^^^^^^^^^^^^^^^^^^^^^^^^^^^^^^^^^^^^^^^^^^^^
_ _ _ _ _ _ _ _ _ _ _ _ _ _ _ _ _ _ _ _ _ _ _ _ _ _ _ _ _ _ _ _ _ _ _ _ _ _ _ _

self = <vizu_auth.strategies.authenticator.Authenticator object at 0x10987b290>
request = AuthRequest(jwt_token=None, api_key=None)

    async def authenticate(self, request: AuthRequest, *, require_auth: bool = True) -> AuthResult | None:
        settings = get_auth_settings()

        if not settings.auth_enabled:
            if self._allow_auth_disabled:
                logger.warning("AUTH DISABLED - returning dev mock result")
                from uuid import UUID

                return AuthResult(
                    client_id=UUID("00000000-0000-0000-0000-000000000001"),
                    auth_method="none",
                    external_user_id="dev-user",
                    email="dev@vizu.local",
                    raw_claims={"dev_mode": True},
                )
            else:
                raise AuthDisabledError("Authentication is disabled but allow_auth_disabled=False")

        if not request.has_credentials():
            if require_auth:
>               raise MissingCredentialsError()
E               vizu_auth.core.exceptions.MissingCredentialsError: No authentication credentials provided

../../libs/vizu_auth/src/vizu_auth/strategies/authenticator.py:40: MissingCredentialsError
------------------------------ Captured log call -------------------------------
ERROR    vizu_context_service.context_service:context_service.py:90 Invalid CREDENTIALS_ENCRYPTION_KEY: Fernet key must be 32 url-safe base64-encoded bytes.
WARNING  dotenv.main:main.py:38 python-dotenv could not parse statement starting at line 22
_______________________ test_initiate_and_callback_flow ________________________

client = <starlette.testclient.TestClient object at 0x10ab2a190>

    def test_initiate_and_callback_flow(client):
        # Initiate auth
>       resp = client.post("/integrations/google/auth/initiate")
               ^^^^^^^^^^^^^^^^^^^^^^^^^^^^^^^^^^^^^^^^^^^^^^^^^

tests/test_integrations_router.py:189:
_ _ _ _ _ _ _ _ _ _ _ _ _ _ _ _ _ _ _ _ _ _ _ _ _ _ _ _ _ _ _ _ _ _ _ _ _ _ _ _
.venv/lib/python3.11/site-packages/starlette/testclient.py:538: in post
    return super().post(
.venv/lib/python3.11/site-packages/httpx/_client.py:1144: in post
    return self.request(
.venv/lib/python3.11/site-packages/starlette/testclient.py:437: in request
    return super().request(
.venv/lib/python3.11/site-packages/httpx/_client.py:825: in request
    return self.send(request, auth=auth, follow_redirects=follow_redirects)
           ^^^^^^^^^^^^^^^^^^^^^^^^^^^^^^^^^^^^^^^^^^^^^^^^^^^^^^^^^^^^^^^^
.venv/lib/python3.11/site-packages/httpx/_client.py:914: in send
    response = self._send_handling_auth(
.venv/lib/python3.11/site-packages/httpx/_client.py:942: in _send_handling_auth
    response = self._send_handling_redirects(
.venv/lib/python3.11/site-packages/httpx/_client.py:979: in _send_handling_redirects
    response = self._send_single_request(request)
               ^^^^^^^^^^^^^^^^^^^^^^^^^^^^^^^^^^
.venv/lib/python3.11/site-packages/httpx/_client.py:1014: in _send_single_request
    response = transport.handle_request(request)
               ^^^^^^^^^^^^^^^^^^^^^^^^^^^^^^^^^
.venv/lib/python3.11/site-packages/starlette/testclient.py:340: in handle_request
    raise exc
.venv/lib/python3.11/site-packages/starlette/testclient.py:337: in handle_request
    portal.call(self.app, scope, receive, send)
.venv/lib/python3.11/site-packages/anyio/from_thread.py:326: in call
    return cast(T_Retval, self.start_task_soon(func, *args).result())
                          ^^^^^^^^^^^^^^^^^^^^^^^^^^^^^^^^^^^^^^^^^^
../../../../../.pyenv/versions/3.11.9/lib/python3.11/concurrent/futures/_base.py:456: in result
    return self.__get_result()
           ^^^^^^^^^^^^^^^^^^^
../../../../../.pyenv/versions/3.11.9/lib/python3.11/concurrent/futures/_base.py:401: in __get_result
    raise self._exception
.venv/lib/python3.11/site-packages/anyio/from_thread.py:257: in _call_func
    retval = await retval_or_awaitable
             ^^^^^^^^^^^^^^^^^^^^^^^^^
.venv/lib/python3.11/site-packages/fastapi/applications.py:1054: in __call__
    await super().__call__(scope, receive, send)
.venv/lib/python3.11/site-packages/starlette/applications.py:112: in __call__
    await self.middleware_stack(scope, receive, send)
.venv/lib/python3.11/site-packages/starlette/middleware/errors.py:187: in __call__
    raise exc
.venv/lib/python3.11/site-packages/starlette/middleware/errors.py:165: in __call__
    await self.app(scope, receive, _send)
.venv/lib/python3.11/site-packages/starlette/middleware/exceptions.py:62: in __call__
    await wrap_app_handling_exceptions(self.app, conn)(scope, receive, send)
.venv/lib/python3.11/site-packages/starlette/_exception_handler.py:53: in wrapped_app
    raise exc
.venv/lib/python3.11/site-packages/starlette/_exception_handler.py:42: in wrapped_app
    await app(scope, receive, sender)
.venv/lib/python3.11/site-packages/starlette/routing.py:714: in __call__
    await self.middleware_stack(scope, receive, send)
.venv/lib/python3.11/site-packages/starlette/routing.py:734: in app
    await route.handle(scope, receive, send)
.venv/lib/python3.11/site-packages/starlette/routing.py:288: in handle
    await self.app(scope, receive, send)
.venv/lib/python3.11/site-packages/starlette/routing.py:76: in app
    await wrap_app_handling_exceptions(app, request)(scope, receive, send)
.venv/lib/python3.11/site-packages/starlette/_exception_handler.py:53: in wrapped_app
    raise exc
.venv/lib/python3.11/site-packages/starlette/_exception_handler.py:42: in wrapped_app
    await app(scope, receive, sender)
.venv/lib/python3.11/site-packages/starlette/routing.py:73: in app
    response = await f(request)
               ^^^^^^^^^^^^^^^^
.venv/lib/python3.11/site-packages/fastapi/routing.py:291: in app
    solved_result = await solve_dependencies(
.venv/lib/python3.11/site-packages/fastapi/dependencies/utils.py:638: in solve_dependencies
    solved = await call(**solved_result.values)
             ^^^^^^^^^^^^^^^^^^^^^^^^^^^^^^^^^^
src/tool_pool_api/api/integrations_router.py:71: in _get_auth_result
    result = await authenticator.authenticate(auth_request)
             ^^^^^^^^^^^^^^^^^^^^^^^^^^^^^^^^^^^^^^^^^^^^^^
_ _ _ _ _ _ _ _ _ _ _ _ _ _ _ _ _ _ _ _ _ _ _ _ _ _ _ _ _ _ _ _ _ _ _ _ _ _ _ _

self = <vizu_auth.strategies.authenticator.Authenticator object at 0x10ab19b10>
request = AuthRequest(jwt_token=None, api_key=None)

    async def authenticate(self, request: AuthRequest, *, require_auth: bool = True) -> AuthResult | None:
        settings = get_auth_settings()

        if not settings.auth_enabled:
            if self._allow_auth_disabled:
                logger.warning("AUTH DISABLED - returning dev mock result")
                from uuid import UUID

                return AuthResult(
                    client_id=UUID("00000000-0000-0000-0000-000000000001"),
                    auth_method="none",
                    external_user_id="dev-user",
                    email="dev@vizu.local",
                    raw_claims={"dev_mode": True},
                )
            else:
                raise AuthDisabledError("Authentication is disabled but allow_auth_disabled=False")

        if not request.has_credentials():
            if require_auth:
>               raise MissingCredentialsError()
E               vizu_auth.core.exceptions.MissingCredentialsError: No authentication credentials provided

../../libs/vizu_auth/src/vizu_auth/strategies/authenticator.py:40: MissingCredentialsError
------------------------------ Captured log call -------------------------------
ERROR    vizu_context_service.context_service:context_service.py:90 Invalid CREDENTIALS_ENCRYPTION_KEY: Fernet key must be 32 url-safe base64-encoded bytes.
=============================== warnings summary ===============================
.venv/lib/python3.11/site-packages/storage3/types.py:20
  /Users/lucascruz/Documents/GitHub/vizu-mono/services/tool_pool_api/.venv/lib/python3.11/site-packages/storage3/types.py:20: PydanticDeprecatedSince20: `pydantic.config.Extra` is deprecated, use literal values instead (e.g. `extra='allow'`). Deprecated in Pydantic V2.0 to be removed in V3.0. See Pydantic V2 Migration Guide at https://errors.pydantic.dev/2.12/migration/
    class BaseBucket(BaseModel, extra=Extra.ignore):

.venv/lib/python3.11/site-packages/storage3/types.py:130
  /Users/lucascruz/Documents/GitHub/vizu-mono/services/tool_pool_api/.venv/lib/python3.11/site-packages/storage3/types.py:130: PydanticDeprecatedSince20: `pydantic.config.Extra` is deprecated, use literal values instead (e.g. `extra='allow'`). Deprecated in Pydantic V2.0 to be removed in V3.0. See Pydantic V2 Migration Guide at https://errors.pydantic.dev/2.12/migration/
    class SignedUrlJsonResponse(BaseModel, extra=Extra.ignore):

.venv/lib/python3.11/site-packages/storage3/types.py:134
  /Users/lucascruz/Documents/GitHub/vizu-mono/services/tool_pool_api/.venv/lib/python3.11/site-packages/storage3/types.py:134: PydanticDeprecatedSince20: `pydantic.config.Extra` is deprecated, use literal values instead (e.g. `extra='allow'`). Deprecated in Pydantic V2.0 to be removed in V3.0. See Pydantic V2 Migration Guide at https://errors.pydantic.dev/2.12/migration/
    class SignedUrlsJsonItem(BaseModel, extra=Extra.ignore):

.venv/lib/python3.11/site-packages/storage3/types.py:143
  /Users/lucascruz/Documents/GitHub/vizu-mono/services/tool_pool_api/.venv/lib/python3.11/site-packages/storage3/types.py:143: PydanticDeprecatedSince20: `pydantic.config.Extra` is deprecated, use literal values instead (e.g. `extra='allow'`). Deprecated in Pydantic V2.0 to be removed in V3.0. See Pydantic V2 Migration Guide at https://errors.pydantic.dev/2.12/migration/
    class CreateSignedUploadUrlOptions(BaseModel, extra=Extra.ignore):

.venv/lib/python3.11/site-packages/storage3/types.py:161
  /Users/lucascruz/Documents/GitHub/vizu-mono/services/tool_pool_api/.venv/lib/python3.11/site-packages/storage3/types.py:161: PydanticDeprecatedSince20: `pydantic.config.Extra` is deprecated, use literal values instead (e.g. `extra='allow'`). Deprecated in Pydantic V2.0 to be removed in V3.0. See Pydantic V2 Migration Guide at https://errors.pydantic.dev/2.12/migration/
    class MetadataConfiguration(BaseModel, extra=Extra.ignore):

.venv/lib/python3.11/site-packages/storage3/types.py:167
  /Users/lucascruz/Documents/GitHub/vizu-mono/services/tool_pool_api/.venv/lib/python3.11/site-packages/storage3/types.py:167: PydanticDeprecatedSince20: `pydantic.config.Extra` is deprecated, use literal values instead (e.g. `extra='allow'`). Deprecated in Pydantic V2.0 to be removed in V3.0. See Pydantic V2 Migration Guide at https://errors.pydantic.dev/2.12/migration/
    class ListIndexesOptions(BaseModel, extra=Extra.ignore):

.venv/lib/python3.11/site-packages/storage3/types.py:173
  /Users/lucascruz/Documents/GitHub/vizu-mono/services/tool_pool_api/.venv/lib/python3.11/site-packages/storage3/types.py:173: PydanticDeprecatedSince20: `pydantic.config.Extra` is deprecated, use literal values instead (e.g. `extra='allow'`). Deprecated in Pydantic V2.0 to be removed in V3.0. See Pydantic V2 Migration Guide at https://errors.pydantic.dev/2.12/migration/
    class ListIndexesResponseItem(BaseModel, extra=Extra.ignore):

.venv/lib/python3.11/site-packages/storage3/types.py:177
  /Users/lucascruz/Documents/GitHub/vizu-mono/services/tool_pool_api/.venv/lib/python3.11/site-packages/storage3/types.py:177: PydanticDeprecatedSince20: `pydantic.config.Extra` is deprecated, use literal values instead (e.g. `extra='allow'`). Deprecated in Pydantic V2.0 to be removed in V3.0. See Pydantic V2 Migration Guide at https://errors.pydantic.dev/2.12/migration/
    class ListVectorIndexesResponse(BaseModel, extra=Extra.ignore):

.venv/lib/python3.11/site-packages/storage3/types.py:182
  /Users/lucascruz/Documents/GitHub/vizu-mono/services/tool_pool_api/.venv/lib/python3.11/site-packages/storage3/types.py:182: PydanticDeprecatedSince20: `pydantic.config.Extra` is deprecated, use literal values instead (e.g. `extra='allow'`). Deprecated in Pydantic V2.0 to be removed in V3.0. See Pydantic V2 Migration Guide at https://errors.pydantic.dev/2.12/migration/
    class VectorIndex(BaseModel, extra=Extra.ignore):

.venv/lib/python3.11/site-packages/storage3/types.py:194
  /Users/lucascruz/Documents/GitHub/vizu-mono/services/tool_pool_api/.venv/lib/python3.11/site-packages/storage3/types.py:194: PydanticDeprecatedSince20: `pydantic.config.Extra` is deprecated, use literal values instead (e.g. `extra='allow'`). Deprecated in Pydantic V2.0 to be removed in V3.0. See Pydantic V2 Migration Guide at https://errors.pydantic.dev/2.12/migration/
    class GetVectorIndexResponse(BaseModel, extra=Extra.ignore):

.venv/lib/python3.11/site-packages/storage3/types.py:201
  /Users/lucascruz/Documents/GitHub/vizu-mono/services/tool_pool_api/.venv/lib/python3.11/site-packages/storage3/types.py:201: PydanticDeprecatedSince20: `pydantic.config.Extra` is deprecated, use literal values instead (e.g. `extra='allow'`). Deprecated in Pydantic V2.0 to be removed in V3.0. See Pydantic V2 Migration Guide at https://errors.pydantic.dev/2.12/migration/
    class VectorData(BaseModel, extra=Extra.ignore):

.venv/lib/python3.11/site-packages/storage3/types.py:205
  /Users/lucascruz/Documents/GitHub/vizu-mono/services/tool_pool_api/.venv/lib/python3.11/site-packages/storage3/types.py:205: PydanticDeprecatedSince20: `pydantic.config.Extra` is deprecated, use literal values instead (e.g. `extra='allow'`). Deprecated in Pydantic V2.0 to be removed in V3.0. See Pydantic V2 Migration Guide at https://errors.pydantic.dev/2.12/migration/
    class VectorObject(BaseModel, extra=Extra.ignore):

.venv/lib/python3.11/site-packages/storage3/types.py:211
  /Users/lucascruz/Documents/GitHub/vizu-mono/services/tool_pool_api/.venv/lib/python3.11/site-packages/storage3/types.py:211: PydanticDeprecatedSince20: `pydantic.config.Extra` is deprecated, use literal values instead (e.g. `extra='allow'`). Deprecated in Pydantic V2.0 to be removed in V3.0. See Pydantic V2 Migration Guide at https://errors.pydantic.dev/2.12/migration/
    class VectorMatch(BaseModel, extra=Extra.ignore):

.venv/lib/python3.11/site-packages/storage3/types.py:218
  /Users/lucascruz/Documents/GitHub/vizu-mono/services/tool_pool_api/.venv/lib/python3.11/site-packages/storage3/types.py:218: PydanticDeprecatedSince20: `pydantic.config.Extra` is deprecated, use literal values instead (e.g. `extra='allow'`). Deprecated in Pydantic V2.0 to be removed in V3.0. See Pydantic V2 Migration Guide at https://errors.pydantic.dev/2.12/migration/
    class GetVectorsResponse(BaseModel, extra=Extra.ignore):

.venv/lib/python3.11/site-packages/storage3/types.py:222
  /Users/lucascruz/Documents/GitHub/vizu-mono/services/tool_pool_api/.venv/lib/python3.11/site-packages/storage3/types.py:222: PydanticDeprecatedSince20: `pydantic.config.Extra` is deprecated, use literal values instead (e.g. `extra='allow'`). Deprecated in Pydantic V2.0 to be removed in V3.0. See Pydantic V2 Migration Guide at https://errors.pydantic.dev/2.12/migration/
    class ListVectorsResponse(BaseModel, extra=Extra.ignore):

.venv/lib/python3.11/site-packages/storage3/types.py:227
  /Users/lucascruz/Documents/GitHub/vizu-mono/services/tool_pool_api/.venv/lib/python3.11/site-packages/storage3/types.py:227: PydanticDeprecatedSince20: `pydantic.config.Extra` is deprecated, use literal values instead (e.g. `extra='allow'`). Deprecated in Pydantic V2.0 to be removed in V3.0. See Pydantic V2 Migration Guide at https://errors.pydantic.dev/2.12/migration/
    class QueryVectorsResponse(BaseModel, extra=Extra.ignore):

.venv/lib/python3.11/site-packages/storage3/types.py:231
  /Users/lucascruz/Documents/GitHub/vizu-mono/services/tool_pool_api/.venv/lib/python3.11/site-packages/storage3/types.py:231: PydanticDeprecatedSince20: `pydantic.config.Extra` is deprecated, use literal values instead (e.g. `extra='allow'`). Deprecated in Pydantic V2.0 to be removed in V3.0. See Pydantic V2 Migration Guide at https://errors.pydantic.dev/2.12/migration/
    class AnalyticsBucket(BaseModel, extra=Extra.ignore):

.venv/lib/python3.11/site-packages/storage3/types.py:245
  /Users/lucascruz/Documents/GitHub/vizu-mono/services/tool_pool_api/.venv/lib/python3.11/site-packages/storage3/types.py:245: PydanticDeprecatedSince20: `pydantic.config.Extra` is deprecated, use literal values instead (e.g. `extra='allow'`). Deprecated in Pydantic V2.0 to be removed in V3.0. See Pydantic V2 Migration Guide at https://errors.pydantic.dev/2.12/migration/
    class AnalyticsBucketDeleteResponse(BaseModel, extra=Extra.ignore):

.venv/lib/python3.11/site-packages/storage3/types.py:249
  /Users/lucascruz/Documents/GitHub/vizu-mono/services/tool_pool_api/.venv/lib/python3.11/site-packages/storage3/types.py:249: PydanticDeprecatedSince20: `pydantic.config.Extra` is deprecated, use literal values instead (e.g. `extra='allow'`). Deprecated in Pydantic V2.0 to be removed in V3.0. See Pydantic V2 Migration Guide at https://errors.pydantic.dev/2.12/migration/
    class VectorBucketEncryptionConfiguration(BaseModel, extra=Extra.ignore):

.venv/lib/python3.11/site-packages/storage3/types.py:254
  /Users/lucascruz/Documents/GitHub/vizu-mono/services/tool_pool_api/.venv/lib/python3.11/site-packages/storage3/types.py:254: PydanticDeprecatedSince20: `pydantic.config.Extra` is deprecated, use literal values instead (e.g. `extra='allow'`). Deprecated in Pydantic V2.0 to be removed in V3.0. See Pydantic V2 Migration Guide at https://errors.pydantic.dev/2.12/migration/
    class VectorBucket(BaseModel, extra=Extra.ignore):

.venv/lib/python3.11/site-packages/storage3/types.py:260
  /Users/lucascruz/Documents/GitHub/vizu-mono/services/tool_pool_api/.venv/lib/python3.11/site-packages/storage3/types.py:260: PydanticDeprecatedSince20: `pydantic.config.Extra` is deprecated, use literal values instead (e.g. `extra='allow'`). Deprecated in Pydantic V2.0 to be removed in V3.0. See Pydantic V2 Migration Guide at https://errors.pydantic.dev/2.12/migration/
    class GetVectorBucketResponse(BaseModel, extra=Extra.ignore):

.venv/lib/python3.11/site-packages/storage3/types.py:264
  /Users/lucascruz/Documents/GitHub/vizu-mono/services/tool_pool_api/.venv/lib/python3.11/site-packages/storage3/types.py:264: PydanticDeprecatedSince20: `pydantic.config.Extra` is deprecated, use literal values instead (e.g. `extra='allow'`). Deprecated in Pydantic V2.0 to be removed in V3.0. See Pydantic V2 Migration Guide at https://errors.pydantic.dev/2.12/migration/
    class ListVectorBucketsItem(BaseModel, extra=Extra.ignore):

.venv/lib/python3.11/site-packages/storage3/types.py:268
  /Users/lucascruz/Documents/GitHub/vizu-mono/services/tool_pool_api/.venv/lib/python3.11/site-packages/storage3/types.py:268: PydanticDeprecatedSince20: `pydantic.config.Extra` is deprecated, use literal values instead (e.g. `extra='allow'`). Deprecated in Pydantic V2.0 to be removed in V3.0. See Pydantic V2 Migration Guide at https://errors.pydantic.dev/2.12/migration/
    class ListVectorBucketsResponse(BaseModel, extra=Extra.ignore):

../../libs/vizu_models/src/vizu_models/hitl.py:65
  /Users/lucascruz/Documents/GitHub/vizu-mono/libs/vizu_models/src/vizu_models/hitl.py:65: PydanticDeprecatedSince20: Support for class-based `config` is deprecated, use ConfigDict instead. Deprecated in Pydantic V2.0 to be removed in V3.0. See Pydantic V2 Migration Guide at https://errors.pydantic.dev/2.12/migration/
    class HitlCriterion(BaseModel):

../../libs/vizu_models/src/vizu_models/hitl.py:83
  /Users/lucascruz/Documents/GitHub/vizu-mono/libs/vizu_models/src/vizu_models/hitl.py:83: PydanticDeprecatedSince20: Support for class-based `config` is deprecated, use ConfigDict instead. Deprecated in Pydantic V2.0 to be removed in V3.0. See Pydantic V2 Migration Guide at https://errors.pydantic.dev/2.12/migration/
    class HitlConfig(BaseModel):

../../libs/vizu_context_service/src/vizu_context_service/dependencies.py:17
  /Users/lucascruz/Documents/GitHub/vizu-mono/libs/vizu_context_service/src/vizu_context_service/dependencies.py:17: PydanticDeprecatedSince20: Using extra keyword arguments on `Field` is deprecated and will be removed. Use `json_schema_extra` instead. (Extra keys: 'env'). Deprecated in Pydantic V2.0 to be removed in V3.0. See Pydantic V2 Migration Guide at https://errors.pydantic.dev/2.12/migration/
    REDIS_URL: str | None = Field(None, env="REDIS_URL")

../../libs/vizu_context_service/src/vizu_context_service/dependencies.py:20
  /Users/lucascruz/Documents/GitHub/vizu-mono/libs/vizu_context_service/src/vizu_context_service/dependencies.py:20: PydanticDeprecatedSince20: Using extra keyword arguments on `Field` is deprecated and will be removed. Use `json_schema_extra` instead. (Extra keys: 'env'). Deprecated in Pydantic V2.0 to be removed in V3.0. See Pydantic V2 Migration Guide at https://errors.pydantic.dev/2.12/migration/
    REDIS_HOST: str = Field(default="localhost", env="REDIS_HOST")

../../libs/vizu_context_service/src/vizu_context_service/dependencies.py:21
  /Users/lucascruz/Documents/GitHub/vizu-mono/libs/vizu_context_service/src/vizu_context_service/dependencies.py:21: PydanticDeprecatedSince20: Using extra keyword arguments on `Field` is deprecated and will be removed. Use `json_schema_extra` instead. (Extra keys: 'env'). Deprecated in Pydantic V2.0 to be removed in V3.0. See Pydantic V2 Migration Guide at https://errors.pydantic.dev/2.12/migration/
    REDIS_PORT: int = Field(default=6379, env="REDIS_PORT")

../../libs/vizu_context_service/src/vizu_context_service/dependencies.py:22
  /Users/lucascruz/Documents/GitHub/vizu-mono/libs/vizu_context_service/src/vizu_context_service/dependencies.py:22: PydanticDeprecatedSince20: Using extra keyword arguments on `Field` is deprecated and will be removed. Use `json_schema_extra` instead. (Extra keys: 'env'). Deprecated in Pydantic V2.0 to be removed in V3.0. See Pydantic V2 Migration Guide at https://errors.pydantic.dev/2.12/migration/
    REDIS_DB: int = Field(default=0, env="REDIS_DB")

../../libs/vizu_context_service/src/vizu_context_service/dependencies.py:27
  /Users/lucascruz/Documents/GitHub/vizu-mono/libs/vizu_context_service/src/vizu_context_service/dependencies.py:27: PydanticDeprecatedSince20: Using extra keyword arguments on `Field` is deprecated and will be removed. Use `json_schema_extra` instead. (Extra keys: 'env'). Deprecated in Pydantic V2.0 to be removed in V3.0. See Pydantic V2 Migration Guide at https://errors.pydantic.dev/2.12/migration/
    USE_LOCAL_DB: bool = Field(default=False, env="USE_LOCAL_DB")

../../libs/vizu_auth/src/vizu_auth/core/models.py:18
  /Users/lucascruz/Documents/GitHub/vizu-mono/libs/vizu_auth/src/vizu_auth/core/models.py:18: PydanticDeprecatedSince20: Support for class-based `config` is deprecated, use ConfigDict instead. Deprecated in Pydantic V2.0 to be removed in V3.0. See Pydantic V2 Migration Guide at https://errors.pydantic.dev/2.12/migration/
    class JWTClaims(BaseModel):

-- Docs: https://docs.pytest.org/en/stable/how-to/capture-warnings.html
=========================== short test summary info ============================
FAILED tests/test_integrations_router.py::test_configure_and_status - vizu_au...
FAILED tests/test_integrations_router.py::test_initiate_and_callback_flow - v...
=================== 2 failed, 1 passed, 31 warnings in 2.03s ===================
